TN:
SF:/Users/maizhikun/Learning/apache_sites/K-Health/node/src/CONSTANT.js
FNF:0
FNH:0
DA:1,1
LF:1
LH:1
BRF:0
BRH:0
end_of_record
TN:
SF:/Users/maizhikun/Learning/apache_sites/K-Health/node/src/inner_interface.js
FN:8,(anonymous_0)
FN:25,(anonymous_1)
FN:27,(anonymous_2)
FN:32,(anonymous_3)
FN:36,(anonymous_4)
FN:41,(anonymous_5)
FN:47,(anonymous_6)
FN:48,(anonymous_7)
FN:49,(anonymous_8)
FN:51,(anonymous_9)
FN:52,(anonymous_10)
FN:59,(anonymous_11)
FN:59,(anonymous_12)
FN:65,(anonymous_13)
FN:70,(anonymous_14)
FN:72,(anonymous_15)
FNF:16
FNH:10
FNDA:1,(anonymous_0)
FNDA:0,(anonymous_1)
FNDA:0,(anonymous_2)
FNDA:0,(anonymous_3)
FNDA:0,(anonymous_4)
FNDA:0,(anonymous_5)
FNDA:1,(anonymous_6)
FNDA:2,(anonymous_7)
FNDA:2,(anonymous_8)
FNDA:2,(anonymous_9)
FNDA:2,(anonymous_10)
FNDA:1,(anonymous_11)
FNDA:1,(anonymous_12)
FNDA:0,(anonymous_13)
FNDA:1,(anonymous_14)
FNDA:2,(anonymous_15)
DA:2,1
DA:3,1
DA:4,1
DA:5,1
DA:6,1
DA:7,1
DA:9,1
DA:27,0
DA:29,0
DA:30,0
DA:37,0
DA:42,0
DA:48,1
DA:49,2
DA:50,2
DA:52,2
DA:55,2
DA:56,1
DA:59,1
DA:60,1
DA:66,0
DA:67,0
DA:68,0
DA:71,1
DA:74,2
DA:85,1
LF:26
LH:18
BRDA:29,0,0,0
BRDA:29,0,1,0
BRDA:55,1,0,1
BRDA:55,1,1,1
BRDA:55,2,0,2
BRDA:55,2,1,2
BRF:6
BRH:4
end_of_record
TN:
SF:/Users/maizhikun/Learning/apache_sites/K-Health/node/src/utils.js
FN:6,(anonymous_0)
FN:8,(anonymous_1)
FN:14,(anonymous_2)
FN:24,(anonymous_3)
FN:29,(anonymous_4)
FN:31,(anonymous_5)
FN:32,(anonymous_6)
FN:33,(anonymous_7)
FN:40,(anonymous_8)
FN:80,(anonymous_9)
FN:101,(anonymous_10)
FNF:11
FNH:7
FNDA:1,(anonymous_0)
FNDA:3,(anonymous_1)
FNDA:4,(anonymous_2)
FNDA:0,(anonymous_3)
FNDA:4,(anonymous_4)
FNDA:4,(anonymous_5)
FNDA:4,(anonymous_6)
FNDA:3,(anonymous_7)
FNDA:0,(anonymous_8)
FNDA:0,(anonymous_9)
FNDA:0,(anonymous_10)
DA:1,1
DA:2,1
DA:3,1
DA:4,1
DA:5,1
DA:7,1
DA:8,1
DA:9,3
DA:10,3
DA:12,1
DA:15,4
DA:16,4
DA:17,6
DA:18,1
DA:20,6
DA:22,4
DA:25,0
DA:30,4
DA:31,4
DA:32,4
DA:33,4
DA:34,3
DA:35,3
DA:37,3
DA:41,0
DA:42,0
DA:43,0
DA:45,0
DA:48,0
DA:49,0
DA:50,0
DA:84,0
DA:88,0
DA:93,0
DA:94,0
DA:96,0
DA:97,0
DA:99,0
DA:102,0
DA:106,1
LF:40
LH:24
BRDA:17,0,0,1
BRDA:17,0,1,5
BRF:2
BRH:2
end_of_record
